2765
8209
24750
5559
30011
945
17370
18215
8983
25243
19178
13955
24066
15994
23238
24000
27439
32460
34809
25663
191
16381
13277
32255
19894
13303
30827
26406
5170
30889
4745
10696
26652
32516
31284
35968
29981
10408
20675
34856
4816
8917
17095
32562
7793
18015
33461
732
28072
24273
34298
26194
17304
509
28515
6109
17481
17692
29327
30099
19895
28514
26357
3887
10934
34797
11826
5081
24697
2475
15603
34313
7025
24079
18156
36286
3267
1
29182
14123
14606
19433
31355
34409
23522
12305
32876
35525
24960
21626
9580
1890
21726
14932
36329
7895
36420
28119
20734
2297
34830
8534
23837
14995
20762
35730
15770
21994
22961
24426
7970
5696
36378
18136
24892
33508
4727
4009
31158
17063
832
12478
35635
451
8729
1790
12555
22910
5446
18127
12188
27205
7621
28832
17945
7660
29679
31491
18521
24885
3061
13618
35815
36286
4752
23789
32943
34425
24855
19486
36291
8022
18414
20358
30869
5251
24137
23185
17582
22569
2887
23851
9093
6710
33372
26143
6095
33152
10132
29885
32137
7281
19923
7298
24611
20996
30501
6956
10270
27881
8725
13556
36153
17849
25361
26061
22777
2642
23933
13700
893
17405
12439
32939
13005
34893
15297
32148
-1
2091
705
1896
32727
22267
1572
32477
4806
32729
34486
20525
13909
23101
36329
18263
17422
35076
22171
29987
2697
29679
5695
33
8575
1977
25650
21565
9086
29883
24176
11773
31731
13469
36378
36378
36242
28973
1858
21092
13475
10626
611
35514
24090
12731
9881
529
20803
27491
490
982
29620
32480
23460
30313
25597
23185
17253
18033
12764
35916
754
15796
27123
18534
30106
18367
36680
7850
7749
10257
30353
2170
243
7579
26427
15416
8236
1429
16056
15209
28707
17426
18590
12409
22032
36461
12418
15631
10503
36362
20777
36196
27925
23624
16501
6585
14504
19423
2327
13058
18585
10704
23187
11443
6112
14631
7020
34976
5253
8937
9018
9709
10694
2095
11251
25357
24785
26440
16302
31225
12026
1627
26058
2440
34863
32981
1580
1602
4039
35916
12027
2630
15438
14668
23205
6387
21006
32413
10384
494
22257
23711
27185
10767
25417
27483
20122
26448
31035
16547
34917
28262
5422
15174
14554
14940
33034
6319
3435
8209
1939
27274
34783
8199
17271
1763
27446
9576
27268
19414
24654
9073
29638
5951
177
13984
28369
28765
4846
34444
11184
15381
9352
17093
36255
18991
29876
34502
12880
20959
29195
28941
10323
18954
23103
24197
10123
31743
7794
31338
4505
25941
29720
23627
8421
18468
17044
34914
9943
526
4539
12158
21249
14909
5141
25326
25829
17922
25508
2914
21606
20588
19202
13840
32505
16469
33839
19910
18511
22025
6963
12752
35365
18840
18623
12098
29987
10515
31460
6029
23462
8039
29475
1488
461
26639
5081
17801
18909
2391
9683
21369
5197
3056
33965
20661
28205
34539
26977
18367
2856
32786
20852
17114
24201
11652
15092
26252
19502
20620
29085
23129
6570
12068
7716
23462
26908
26259
30786
25304
35756
6253
19222
14278
2554
34304
34878
12397
26404
15788
11125
1113
26522
23123
35690
10179
11544
21512
1068
10038
2595
6622
4253
27301
35730
10982
25574
35424
32123
22093
3934
21770
34070
4893
27176
32314
32968
15160
34877
13162
9527
16778
14640
2947
10588
17893
11043
18674
19491
6134
8866
27144
17806
28220
1085
36498
1549
22521
2871
4625
34838
32090
10659
31218
16451
6721
15215
4556
11292
35644
29995
30758
372
18634
29790
26531
14170
29406
762
8713
8151
34876
25179
10551
9274
212
410
28325
2655
2207
10347
3198
652
36378
30780
5221
35467
26160
33674
23167
36563
389
16341
23307
35916
22095
22058
29977
36329
34469
30606
30234
23349
1664
36527
18143
4414
17250
347
8835
33934
35283
3900
24866
22359
14661
15615
2737
27902
35689
27696
3233
17134
16321
28673
9428
21749
36537
13520
19426
10616
5926
30518
17584
36205
4727
10653
22496
26637
28230
6753
34409
8360
24389
35086
26166
11429
1987
17644
1901
14415
36092
15922
29182
34683
17291
20657
18034
10624
26136
31046
23544
16026
2506
13082
26460
36037
3532
31735
14904
34758
13854
5585
33497
5872
20117
21861
1838
4429
12953
27847
11259
31515
29288
26836
5515
8055
8693
13506
22428
17827
15155
24743
20004
32777
2684
18845
18049
11361
29332
24232
15521
13226
30534
18247
30851
1262
25409
18161
33349
26943
9618
31314
12041
1583
17246
12352
19130
35455
15888
3435
31859
27045
36581
28225
13373
27257
1390
26890
20506
19563
21554
32598
17386
13047
34857
17356
2425
7346
24929
19920
21025
35916
17911
19500
36663
6556
32956
1921
14106
33958
29963
27951
21776
35207
7124
1664
25607
16027
23624
25821
16322
21935
19006
18373
24628
13937
2983
27100
23378
19206
7725
31275
35813
11387
9846
12816
24428
10845
10031
106
10495
25071
29324
12549
21150
19021
36115
4927
283
30973
36227
4978
9230
5787
6546
362
18259
14637
27227
1979
7044
10952
10262
16562
1561
29803
18006
12544
8713
34838
7480
34020
2431
29576
35371
27655
29617
32930
10532
35730
576
919
5057
26223
1516
166
10498
15253
34063
12528
34770
4193
33722
23505
29291
12596
24309
22508
13109
9120
20436
35697
23613
27274
1373
28343
19588
11243
10960
26292
23589
14781
24684
13505
24715
32247
29128
2857
36637
1225
31906
9149
5104
33353
22328
29113
7650
27494
14044
16777
18537
34028
32170
14975
32095
2323
2366
13761
16121
32286
26374
36236
33189
16133
21536
3127
32378
21789
10961
36051
36527
5953
35132
17339
15782
22599
11829
5644
35916
3729
12938
23230
12850
33851
34660
35000
14977
1759
36563
34710
8089
16828
24049
23077
22357
13457
12475
11328
11052
26330
32978
2659
23446
19093
6358
36286
25202
23692
36255
6365
34838
23343
23499
35102
22079
1867
24273
25555
18309
11881
18579
6125
34799
11475
31799
12704
30130
31841
2607
3026
5657
16536
12662
19573
5387
24128
30802
1208
17605
28535
3485
20209
33978
26229
17805
2178
20697
10717
28446
21028
26291
30838
15707
596
3166
1540
36414
18742
26380
35983
27008
184
18175
1559
31814
18334
22025
34253
17372
11681
25483
24292
36483
16836
1479
7884
27588
33245
24673
4393
25483
24292
36483
16836
1479
7884
27588
33245
24673
